ID: 6528, Name: AggregatorHost, Memory: 7 MB, StartTime: 9/9/2025 8:38:21 AM, Responding: True
ID: 14896, Name: ApplicationFrameHost, Memory: 24 MB, StartTime: 9/9/2025 8:38:21 AM, Responding: True
ID: 12004, Name: audiodg, Memory: 17 MB, StartTime: 9/9/2025 8:38:21 AM, Responding: True
ID: 5308, Name: chrome, Memory: 361 MB, StartTime: 9/9/2025 8:38:21 AM, Responding: True
ID: 3308, Name: chrome, Memory: 8 MB, StartTime: 9/9/2025 8:38:21 AM, Responding: True
ID: 7644, Name: chrome, Memory: 365 MB, StartTime: 9/9/2025 8:38:21 AM, Responding: True
ID: 2336, Name: chrome, Memory: 81 MB, StartTime: 9/9/2025 8:38:21 AM, Responding: True
ID: 7096, Name: chrome, Memory: 21 MB, StartTime: 9/9/2025 8:38:21 AM, Responding: True
ID: 5952, Name: chrome, Memory: 172 MB, StartTime: 9/9/2025 8:38:21 AM, Responding: True
ID: 13980, Name: chrome, Memory: 72 MB, StartTime: 9/9/2025 8:38:21 AM, Responding: True
ID: 10432, Name: chrome, Memory: 23 MB, StartTime: 9/9/2025 8:38:21 AM, Responding: True
ID: 13648, Name: chrome, Memory: 96 MB, StartTime: 9/9/2025 8:38:21 AM, Responding: True
ID: 8992, Name: chrome, Memory: 40 MB, StartTime: 9/9/2025 8:38:21 AM, Responding: True
ID: 8780, Name: chrome, Memory: 37 MB, StartTime: 9/9/2025 8:38:21 AM, Responding: True
ID: 1416, Name: chrome, Memory: 288 MB, StartTime: 9/9/2025 8:38:21 AM, Responding: True
ID: 5972, Name: chrome, Memory: 243 MB, StartTime: 9/9/2025 8:38:21 AM, Responding: True
ID: 7456, Name: chrome, Memory: 37 MB, StartTime: 9/9/2025 8:38:21 AM, Responding: True
ID: 7444, Name: chrome, Memory: 66 MB, StartTime: 9/9/2025 8:38:21 AM, Responding: True
ID: 7032, Name: chrome, Memory: 382 MB, StartTime: 9/9/2025 8:38:21 AM, Responding: True
ID: 4384, Name: chrome, Memory: 54 MB, StartTime: 9/9/2025 8:38:21 AM, Responding: True
ID: 1484, Name: chrome, Memory: 57 MB, StartTime: 9/9/2025 8:38:21 AM, Responding: True
ID: 4632, Name: chrome, Memory: 81 MB, StartTime: 9/9/2025 8:38:21 AM, Responding: True
ID: 13108, Name: chrome, Memory: 176 MB, StartTime: 9/9/2025 8:38:21 AM, Responding: True
ID: 5740, Name: chrome, Memory: 62 MB, StartTime: 9/9/2025 8:38:21 AM, Responding: True
ID: 14908, Name: chrome, Memory: 65 MB, StartTime: 9/9/2025 8:38:21 AM, Responding: True
ID: 13684, Name: chrome, Memory: 50 MB, StartTime: 9/9/2025 8:38:21 AM, Responding: True
ID: 13460, Name: chrome, Memory: 49 MB, StartTime: 9/9/2025 8:38:21 AM, Responding: True
ID: 7996, Name: chrome, Memory: 44 MB, StartTime: 9/9/2025 8:38:21 AM, Responding: True
ID: 1912, Name: chrome, Memory: 61 MB, StartTime: 9/9/2025 8:38:21 AM, Responding: True
ID: 14736, Name: chrome, Memory: 52 MB, StartTime: 9/9/2025 8:38:21 AM, Responding: True
ID: 7840, Name: chrome, Memory: 58 MB, StartTime: 9/9/2025 8:38:21 AM, Responding: True
ID: 7648, Name: chrome, Memory: 53 MB, StartTime: 9/9/2025 8:38:21 AM, Responding: True
ID: 13064, Name: chrome, Memory: 51 MB, StartTime: 9/9/2025 8:38:21 AM, Responding: True
ID: 8868, Name: chrome, Memory: 58 MB, StartTime: 9/9/2025 8:38:21 AM, Responding: True
ID: 9808, Name: chrome, Memory: 48 MB, StartTime: 9/9/2025 8:38:21 AM, Responding: True
ID: 13320, Name: chrome, Memory: 167 MB, StartTime: 9/9/2025 8:38:21 AM, Responding: True
ID: 14632, Name: chrome, Memory: 86 MB, StartTime: 9/9/2025 8:38:21 AM, Responding: True
ID: 8032, Name: chrome, Memory: 75 MB, StartTime: 9/9/2025 8:38:21 AM, Responding: True
ID: 1772, Name: chrome, Memory: 63 MB, StartTime: 9/9/2025 8:38:21 AM, Responding: True
ID: 7392, Name: chrome, Memory: 53 MB, StartTime: 9/9/2025 8:38:21 AM, Responding: True
ID: 15296, Name: chrome, Memory: 54 MB, StartTime: 9/9/2025 8:38:21 AM, Responding: True
ID: 10256, Name: chrome, Memory: 66 MB, StartTime: 9/9/2025 8:38:21 AM, Responding: True
ID: 7428, Name: chrome, Memory: 49 MB, StartTime: 9/9/2025 8:38:21 AM, Responding: True
ID: 11412, Name: chrome, Memory: 77 MB, StartTime: 9/9/2025 8:38:21 AM, Responding: True
ID: 11872, Name: chrome, Memory: 53 MB, StartTime: 9/9/2025 8:38:21 AM, Responding: True
ID: 12184, Name: chrome, Memory: 56 MB, StartTime: 9/9/2025 8:38:21 AM, Responding: True
ID: 13580, Name: chrome, Memory: 49 MB, StartTime: 9/9/2025 8:38:21 AM, Responding: True
ID: 14676, Name: chrome, Memory: 246 MB, StartTime: 9/9/2025 8:38:21 AM, Responding: True
ID: 11752, Name: chrome, Memory: 128 MB, StartTime: 9/9/2025 8:38:21 AM, Responding: True
ID: 6908, Name: chrome, Memory: 55 MB, StartTime: 9/9/2025 8:38:21 AM, Responding: True
ID: 11892, Name: chrome, Memory: 58 MB, StartTime: 9/9/2025 8:38:21 AM, Responding: True
ID: 8024, Name: chrome, Memory: 53 MB, StartTime: 9/9/2025 8:38:21 AM, Responding: True
ID: 14444, Name: chrome, Memory: 48 MB, StartTime: 9/9/2025 8:38:21 AM, Responding: True
ID: 8468, Name: chrome, Memory: 53 MB, StartTime: 9/9/2025 8:38:21 AM, Responding: True
ID: 5792, Name: chrome, Memory: 77 MB, StartTime: 9/9/2025 8:38:21 AM, Responding: True
ID: 15304, Name: chrome, Memory: 53 MB, StartTime: 9/9/2025 8:38:21 AM, Responding: True
ID: 7020, Name: chrome, Memory: 52 MB, StartTime: 9/9/2025 8:38:21 AM, Responding: True
ID: 13088, Name: chrome, Memory: 56 MB, StartTime: 9/9/2025 8:38:21 AM, Responding: True
ID: 9400, Name: chrome, Memory: 49 MB, StartTime: 9/9/2025 8:38:21 AM, Responding: True
ID: 10004, Name: chrome, Memory: 29 MB, StartTime: 9/9/2025 8:38:21 AM, Responding: True
ID: 12564, Name: CompPkgSrv, Memory: 7 MB, StartTime: 9/9/2025 8:38:21 AM, Responding: True
ID: 2488, Name: conhost, Memory: 5 MB, StartTime: 9/9/2025 8:38:21 AM, Responding: True
ID: 2656, Name: conhost, Memory: 11 MB, StartTime: 9/9/2025 8:38:21 AM, Responding: True
ID: 5420, Name: conhost, Memory: 11 MB, StartTime: 9/9/2025 8:38:21 AM, Responding: True
ID: 1128, Name: conhost, Memory: 11 MB, StartTime: 9/9/2025 8:38:21 AM, Responding: True
ID: 13832, Name: conhost, Memory: 11 MB, StartTime: 9/9/2025 8:38:21 AM, Responding: True
ID: 6076, Name: conhost, Memory: 13 MB, StartTime: 9/9/2025 8:38:21 AM, Responding: True
ID: 10296, Name: conhost, Memory: 11 MB, StartTime: 9/9/2025 8:38:21 AM, Responding: True
ID: 14612, Name: conhost, Memory: 11 MB, StartTime: 9/9/2025 8:38:21 AM, Responding: True
ID: 11476, Name: conhost, Memory: 11 MB, StartTime: 9/9/2025 8:38:21 AM, Responding: True
ID: 4752, Name: conhost, Memory: 11 MB, StartTime: 9/9/2025 8:38:21 AM, Responding: True
ID: 616, Name: csrss, Memory: 5 MB, StartTime: 9/9/2025 8:38:21 AM, Responding: True
ID: 2436, Name: csrss, Memory: 6 MB, StartTime: 9/9/2025 8:38:21 AM, Responding: True
ID: 1620, Name: ctfmon, Memory: 19 MB, StartTime: 9/9/2025 8:38:21 AM, Responding: True
ID: 3364, Name: CxAudioSvc, Memory: 20 MB, StartTime: 9/9/2025 8:38:21 AM, Responding: True
ID: 3384, Name: CxUtilSvc, Memory: 7 MB, StartTime: 9/9/2025 8:38:21 AM, Responding: True
ID: 5600, Name: dllhost, Memory: 10 MB, StartTime: 9/9/2025 8:38:21 AM, Responding: True
ID: 6740, Name: dotnet, Memory: 117 MB, StartTime: 9/9/2025 8:38:21 AM, Responding: True
ID: 14964, Name: dotnet, Memory: 208 MB, StartTime: 9/9/2025 8:38:21 AM, Responding: True
ID: 7552, Name: dotnet, Memory: 161 MB, StartTime: 9/9/2025 8:38:21 AM, Responding: True
ID: 2188, Name: dotnet, Memory: 135 MB, StartTime: 9/9/2025 8:38:21 AM, Responding: True
ID: 9736, Name: dotnet, Memory: 138 MB, StartTime: 9/9/2025 8:38:21 AM, Responding: True
ID: 1688, Name: dwm, Memory: 88 MB, StartTime: 9/9/2025 8:38:21 AM, Responding: True
ID: 4620, Name: epmd, Memory: 3 MB, StartTime: 9/9/2025 8:38:21 AM, Responding: True
ID: 4020, Name: erl, Memory: 65 MB, StartTime: 9/9/2025 8:38:21 AM, Responding: True
ID: 3696, Name: erlsrv, Memory: 3 MB, StartTime: 9/9/2025 8:38:21 AM, Responding: True
ID: 12268, Name: EtwHostServiceUpdater, Memory: 46 MB, StartTime: 9/9/2025 8:38:21 AM, Responding: True
ID: 8200, Name: explorer, Memory: 161 MB, StartTime: 9/9/2025 8:38:21 AM, Responding: True
ID: 2944, Name: FileCoAuth, Memory: 25 MB, StartTime: 9/9/2025 8:38:21 AM, Responding: True
ID: 1296, Name: Flow, Memory: 77 MB, StartTime: 9/9/2025 8:38:21 AM, Responding: True
ID: 1020, Name: fontdrvhost, Memory: 3 MB, StartTime: 9/9/2025 8:38:21 AM, Responding: True
ID: 3288, Name: fontdrvhost, Memory: 6 MB, StartTime: 9/9/2025 8:38:21 AM, Responding: True
ID: 7992, Name: fsnotifier, Memory: 2 MB, StartTime: 9/9/2025 8:38:21 AM, Responding: True
ID: 0, Name: Idle, Memory: 0 MB, StartTime: 9/9/2025 8:38:21 AM, Responding: True
ID: 2120, Name: igfxCUIService, Memory: 8 MB, StartTime: 9/9/2025 8:38:21 AM, Responding: True
ID: 13488, Name: igfxEM, Memory: 12 MB, StartTime: 9/9/2025 8:38:21 AM, Responding: True
ID: 3412, Name: inet_gethost, Memory: 4 MB, StartTime: 9/9/2025 8:38:21 AM, Responding: True
ID: 1304, Name: IntelCpHDCPSvc, Memory: 6 MB, StartTime: 9/9/2025 8:38:21 AM, Responding: True
ID: 1524, Name: IntelCpHeciSvc, Memory: 6 MB, StartTime: 9/9/2025 8:38:21 AM, Responding: True
ID: 10000, Name: JetBrains.Dpa.Collector, Memory: 7 MB, StartTime: 9/9/2025 8:38:21 AM, Responding: True
ID: 9932, Name: JetBrains.DPA.Runner, Memory: 36 MB, StartTime: 9/9/2025 8:38:21 AM, Responding: True
ID: 3524, Name: JetBrains.Etw.Collector.Host, Memory: 10 MB, StartTime: 9/9/2025 8:38:21 AM, Responding: True
ID: 3548, Name: jhi_service, Memory: 5 MB, StartTime: 9/9/2025 8:38:21 AM, Responding: True
ID: 14116, Name: jucheck, Memory: 17 MB, StartTime: 9/9/2025 8:38:21 AM, Responding: True
ID: 3372, Name: jusched, Memory: 15 MB, StartTime: 9/9/2025 8:38:21 AM, Responding: True
ID: 868, Name: LsaIso, Memory: 2 MB, StartTime: 9/9/2025 8:38:21 AM, Responding: True
ID: 876, Name: lsass, Memory: 21 MB, StartTime: 9/9/2025 8:38:21 AM, Responding: True
ID: 1780, Name: Memory Compression, Memory: 240 MB, StartTime: 9/9/2025 8:38:21 AM, Responding: True
ID: 10928, Name: MicTray64, Memory: 4 MB, StartTime: 9/9/2025 8:38:21 AM, Responding: True
ID: 6676, Name: MoUsoCoreWorker, Memory: 23 MB, StartTime: 9/9/2025 8:38:21 AM, Responding: True
ID: 3728, Name: MpDefenderCoreService, Memory: 17 MB, StartTime: 9/9/2025 8:38:21 AM, Responding: True
ID: 5096, Name: msedge, Memory: 100 MB, StartTime: 9/9/2025 8:38:21 AM, Responding: True
ID: 11036, Name: msedge, Memory: 7 MB, StartTime: 9/9/2025 8:38:21 AM, Responding: True
ID: 472, Name: msedge, Memory: 32 MB, StartTime: 9/9/2025 8:38:21 AM, Responding: True
ID: 5320, Name: msedge, Memory: 29 MB, StartTime: 9/9/2025 8:38:21 AM, Responding: True
ID: 11008, Name: msedge, Memory: 16 MB, StartTime: 9/9/2025 8:38:21 AM, Responding: True
ID: 3736, Name: MsMpEng, Memory: 345 MB, StartTime: 9/9/2025 8:38:21 AM, Responding: True
ID: 8608, Name: NisSrv, Memory: 9 MB, StartTime: 9/9/2025 8:38:21 AM, Responding: True
ID: 3492, Name: OneApp.IGCC.WinService, Memory: 38 MB, StartTime: 9/9/2025 8:38:21 AM, Responding: True
ID: 12872, Name: OneDrive, Memory: 110 MB, StartTime: 9/9/2025 8:38:21 AM, Responding: True
ID: 108, Name: Registry, Memory: 48 MB, StartTime: 9/9/2025 8:38:21 AM, Responding: True
ID: 12704, Name: Rider.Backend, Memory: 946 MB, StartTime: 9/9/2025 8:38:21 AM, Responding: True
ID: 8588, Name: rider64, Memory: 1640 MB, StartTime: 9/9/2025 8:38:21 AM, Responding: True
ID: 10788, Name: rundll32, Memory: 8 MB, StartTime: 9/9/2025 8:38:21 AM, Responding: True
ID: 3132, Name: RuntimeBroker, Memory: 27 MB, StartTime: 9/9/2025 8:38:21 AM, Responding: True
ID: 5116, Name: RuntimeBroker, Memory: 33 MB, StartTime: 9/9/2025 8:38:21 AM, Responding: True
ID: 8212, Name: RuntimeBroker, Memory: 18 MB, StartTime: 9/9/2025 8:38:21 AM, Responding: True
ID: 10192, Name: RuntimeBroker, Memory: 7 MB, StartTime: 9/9/2025 8:38:21 AM, Responding: True
ID: 14044, Name: RuntimeBroker, Memory: 29 MB, StartTime: 9/9/2025 8:38:21 AM, Responding: True
ID: 13048, Name: RuntimeBroker, Memory: 30 MB, StartTime: 9/9/2025 8:38:21 AM, Responding: True
ID: 840, Name: SearchApp, Memory: 98 MB, StartTime: 9/9/2025 8:38:21 AM, Responding: True
ID: 5880, Name: SearchIndexer, Memory: 41 MB, StartTime: 9/9/2025 8:38:21 AM, Responding: True
ID: 56, Name: Secure System, Memory: 29 MB, StartTime: 9/9/2025 8:38:21 AM, Responding: True
ID: 4156, Name: SecurityHealthService, Memory: 12 MB, StartTime: 9/9/2025 8:38:21 AM, Responding: True
ID: 9056, Name: SecurityHealthSystray, Memory: 8 MB, StartTime: 9/9/2025 8:38:21 AM, Responding: True
ID: 824, Name: services, Memory: 11 MB, StartTime: 9/9/2025 8:38:21 AM, Responding: True
ID: 7584, Name: ShellExperienceHost, Memory: 62 MB, StartTime: 9/9/2025 8:38:21 AM, Responding: True
ID: 11644, Name: sihost, Memory: 27 MB, StartTime: 9/9/2025 8:38:21 AM, Responding: True
ID: 2524, Name: SmartAudio3, Memory: 58 MB, StartTime: 9/9/2025 8:38:21 AM, Responding: True
ID: 384, Name: smss, Memory: 1 MB, StartTime: 9/9/2025 8:38:21 AM, Responding: True
ID: 2984, Name: spoolsv, Memory: 12 MB, StartTime: 9/9/2025 8:38:21 AM, Responding: True
ID: 2616, Name: sqlceip, Memory: 42 MB, StartTime: 9/9/2025 8:38:21 AM, Responding: True
ID: 6224, Name: sqlservr, Memory: 136 MB, StartTime: 9/9/2025 8:38:21 AM, Responding: True
ID: 3676, Name: sqlwriter, Memory: 7 MB, StartTime: 9/9/2025 8:38:21 AM, Responding: True
ID: 4968, Name: StartMenuExperienceHost, Memory: 67 MB, StartTime: 9/9/2025 8:38:21 AM, Responding: True
ID: 992, Name: svchost, Memory: 28 MB, StartTime: 9/9/2025 8:38:21 AM, Responding: True
ID: 888, Name: svchost, Memory: 16 MB, StartTime: 9/9/2025 8:38:21 AM, Responding: True
ID: 1036, Name: svchost, Memory: 9 MB, StartTime: 9/9/2025 8:38:21 AM, Responding: True
ID: 1116, Name: svchost, Memory: 5 MB, StartTime: 9/9/2025 8:38:21 AM, Responding: True
ID: 1164, Name: svchost, Memory: 9 MB, StartTime: 9/9/2025 8:38:21 AM, Responding: True
ID: 1180, Name: svchost, Memory: 11 MB, StartTime: 9/9/2025 8:38:21 AM, Responding: True
ID: 1356, Name: svchost, Memory: 6 MB, StartTime: 9/9/2025 8:38:21 AM, Responding: True
ID: 1408, Name: svchost, Memory: 15 MB, StartTime: 9/9/2025 8:38:21 AM, Responding: True
ID: 1540, Name: svchost, Memory: 14 MB, StartTime: 9/9/2025 8:38:21 AM, Responding: True
ID: 1588, Name: svchost, Memory: 13 MB, StartTime: 9/9/2025 8:38:21 AM, Responding: True
ID: 1712, Name: svchost, Memory: 8 MB, StartTime: 9/9/2025 8:38:21 AM, Responding: True
ID: 1788, Name: svchost, Memory: 10 MB, StartTime: 9/9/2025 8:38:21 AM, Responding: True
ID: 1796, Name: svchost, Memory: 6 MB, StartTime: 9/9/2025 8:38:21 AM, Responding: True
ID: 1876, Name: svchost, Memory: 5 MB, StartTime: 9/9/2025 8:38:21 AM, Responding: True
ID: 1884, Name: svchost, Memory: 13 MB, StartTime: 9/9/2025 8:38:21 AM, Responding: True
ID: 1892, Name: svchost, Memory: 6 MB, StartTime: 9/9/2025 8:38:21 AM, Responding: True
ID: 1920, Name: svchost, Memory: 5 MB, StartTime: 9/9/2025 8:38:21 AM, Responding: True
ID: 1948, Name: svchost, Memory: 10 MB, StartTime: 9/9/2025 8:38:21 AM, Responding: True
ID: 1080, Name: svchost, Memory: 7 MB, StartTime: 9/9/2025 8:38:21 AM, Responding: True
ID: 2084, Name: svchost, Memory: 10 MB, StartTime: 9/9/2025 8:38:21 AM, Responding: True
ID: 2160, Name: svchost, Memory: 7 MB, StartTime: 9/9/2025 8:38:21 AM, Responding: True
ID: 2168, Name: svchost, Memory: 7 MB, StartTime: 9/9/2025 8:38:21 AM, Responding: True
ID: 2244, Name: svchost, Memory: 9 MB, StartTime: 9/9/2025 8:38:21 AM, Responding: True
ID: 2392, Name: svchost, Memory: 6 MB, StartTime: 9/9/2025 8:38:21 AM, Responding: True
ID: 2456, Name: svchost, Memory: 13 MB, StartTime: 9/9/2025 8:38:21 AM, Responding: True
ID: 2556, Name: svchost, Memory: 10 MB, StartTime: 9/9/2025 8:38:21 AM, Responding: True
ID: 2564, Name: svchost, Memory: 17 MB, StartTime: 9/9/2025 8:38:21 AM, Responding: True
ID: 2568, Name: svchost, Memory: 7 MB, StartTime: 9/9/2025 8:38:21 AM, Responding: True
ID: 2584, Name: svchost, Memory: 9 MB, StartTime: 9/9/2025 8:38:21 AM, Responding: True
ID: 2768, Name: svchost, Memory: 7 MB, StartTime: 9/9/2025 8:38:21 AM, Responding: True
ID: 2844, Name: svchost, Memory: 17 MB, StartTime: 9/9/2025 8:38:21 AM, Responding: True
ID: 2912, Name: svchost, Memory: 12 MB, StartTime: 9/9/2025 8:38:21 AM, Responding: True
ID: 3040, Name: svchost, Memory: 13 MB, StartTime: 9/9/2025 8:38:21 AM, Responding: True
ID: 3068, Name: svchost, Memory: 10 MB, StartTime: 9/9/2025 8:38:21 AM, Responding: True
ID: 2296, Name: svchost, Memory: 7 MB, StartTime: 9/9/2025 8:38:21 AM, Responding: True
ID: 3176, Name: svchost, Memory: 6 MB, StartTime: 9/9/2025 8:38:21 AM, Responding: True
ID: 3280, Name: svchost, Memory: 6 MB, StartTime: 9/9/2025 8:38:21 AM, Responding: True
ID: 3344, Name: svchost, Memory: 5 MB, StartTime: 9/9/2025 8:38:21 AM, Responding: True
ID: 3352, Name: svchost, Memory: 12 MB, StartTime: 9/9/2025 8:38:21 AM, Responding: True
ID: 3396, Name: svchost, Memory: 43 MB, StartTime: 9/9/2025 8:38:21 AM, Responding: True
ID: 3404, Name: svchost, Memory: 26 MB, StartTime: 9/9/2025 8:38:21 AM, Responding: True
ID: 3484, Name: svchost, Memory: 16 MB, StartTime: 9/9/2025 8:38:21 AM, Responding: True
ID: 3588, Name: svchost, Memory: 5 MB, StartTime: 9/9/2025 8:38:21 AM, Responding: True
ID: 3668, Name: svchost, Memory: 5 MB, StartTime: 9/9/2025 8:38:21 AM, Responding: True
ID: 3756, Name: svchost, Memory: 20 MB, StartTime: 9/9/2025 8:38:21 AM, Responding: True
ID: 3776, Name: svchost, Memory: 8 MB, StartTime: 9/9/2025 8:38:21 AM, Responding: True
ID: 3892, Name: svchost, Memory: 5 MB, StartTime: 9/9/2025 8:38:21 AM, Responding: True
ID: 3984, Name: svchost, Memory: 6 MB, StartTime: 9/9/2025 8:38:21 AM, Responding: True
ID: 4000, Name: svchost, Memory: 9 MB, StartTime: 9/9/2025 8:38:21 AM, Responding: True
ID: 4244, Name: svchost, Memory: 12 MB, StartTime: 9/9/2025 8:38:21 AM, Responding: True
ID: 4368, Name: svchost, Memory: 5 MB, StartTime: 9/9/2025 8:38:21 AM, Responding: True
ID: 4916, Name: svchost, Memory: 8 MB, StartTime: 9/9/2025 8:38:21 AM, Responding: True
ID: 5520, Name: svchost, Memory: 8 MB, StartTime: 9/9/2025 8:38:21 AM, Responding: True
ID: 6640, Name: svchost, Memory: 11 MB, StartTime: 9/9/2025 8:38:21 AM, Responding: True
ID: 6768, Name: svchost, Memory: 19 MB, StartTime: 9/9/2025 8:38:21 AM, Responding: True
ID: 3572, Name: svchost, Memory: 22 MB, StartTime: 9/9/2025 8:38:21 AM, Responding: True
ID: 2080, Name: svchost, Memory: 16 MB, StartTime: 9/9/2025 8:38:21 AM, Responding: True
ID: 4732, Name: svchost, Memory: 7 MB, StartTime: 9/9/2025 8:38:21 AM, Responding: True
ID: 7320, Name: svchost, Memory: 18 MB, StartTime: 9/9/2025 8:38:21 AM, Responding: True
ID: 7852, Name: svchost, Memory: 21 MB, StartTime: 9/9/2025 8:38:21 AM, Responding: True
ID: 8240, Name: svchost, Memory: 9 MB, StartTime: 9/9/2025 8:38:21 AM, Responding: True
ID: 1564, Name: svchost, Memory: 6 MB, StartTime: 9/9/2025 8:38:21 AM, Responding: True
ID: 10460, Name: svchost, Memory: 9 MB, StartTime: 9/9/2025 8:38:21 AM, Responding: True
ID: 10964, Name: svchost, Memory: 14 MB, StartTime: 9/9/2025 8:38:21 AM, Responding: True
ID: 3580, Name: svchost, Memory: 11 MB, StartTime: 9/9/2025 8:38:21 AM, Responding: True
ID: 3536, Name: svchost, Memory: 11 MB, StartTime: 9/9/2025 8:38:21 AM, Responding: True
ID: 10760, Name: svchost, Memory: 17 MB, StartTime: 9/9/2025 8:38:21 AM, Responding: True
ID: 13916, Name: svchost, Memory: 9 MB, StartTime: 9/9/2025 8:38:21 AM, Responding: True
ID: 7680, Name: svchost, Memory: 7 MB, StartTime: 9/9/2025 8:38:21 AM, Responding: True
ID: 6784, Name: svchost, Memory: 27 MB, StartTime: 9/9/2025 8:38:21 AM, Responding: True
ID: 11568, Name: svchost, Memory: 39 MB, StartTime: 9/9/2025 8:38:21 AM, Responding: True
ID: 1616, Name: svchost, Memory: 7 MB, StartTime: 9/9/2025 8:38:21 AM, Responding: True
ID: 6728, Name: svchost, Memory: 5 MB, StartTime: 9/9/2025 8:38:21 AM, Responding: True
ID: 12992, Name: svchost, Memory: 23 MB, StartTime: 9/9/2025 8:38:21 AM, Responding: True
ID: 11020, Name: svchost, Memory: 6 MB, StartTime: 9/9/2025 8:38:21 AM, Responding: True
ID: 5956, Name: svchost, Memory: 20 MB, StartTime: 9/9/2025 8:38:21 AM, Responding: True
ID: 15172, Name: svchost, Memory: 6 MB, StartTime: 9/9/2025 8:38:21 AM, Responding: True
ID: 4360, Name: svchost, Memory: 11 MB, StartTime: 9/9/2025 8:38:21 AM, Responding: True
ID: 4, Name: System, Memory: 0 MB, StartTime: 9/9/2025 8:38:21 AM, Responding: True
ID: 3100, Name: SystemSettings, Memory: 1 MB, StartTime: 9/9/2025 8:38:21 AM, Responding: False
ID: 9076, Name: taskhostw, Memory: 11 MB, StartTime: 9/9/2025 8:38:21 AM, Responding: True
ID: 3324, Name: taskhostw, Memory: 16 MB, StartTime: 9/9/2025 8:38:21 AM, Responding: True
ID: 12588, Name: taskhostw, Memory: 26 MB, StartTime: 9/9/2025 8:38:21 AM, Responding: True
ID: 10420, Name: TextInputHost, Memory: 44 MB, StartTime: 9/9/2025 8:38:21 AM, Responding: True
ID: 2424, Name: UserOOBEBroker, Memory: 9 MB, StartTime: 9/9/2025 8:38:21 AM, Responding: True
ID: 8508, Name: Video.UI, Memory: 1 MB, StartTime: 9/9/2025 8:38:21 AM, Responding: True
ID: 4236, Name: WhatsApp, Memory: 16 MB, StartTime: 9/9/2025 8:38:21 AM, Responding: True
ID: 6336, Name: win32sysinfo, Memory: 2 MB, StartTime: 9/9/2025 8:38:21 AM, Responding: True
ID: 704, Name: wininit, Memory: 6 MB, StartTime: 9/9/2025 8:38:21 AM, Responding: True
ID: 14268, Name: winlogon, Memory: 10 MB, StartTime: 9/9/2025 8:38:21 AM, Responding: True
ID: 6228, Name: WmiPrvSE, Memory: 13 MB, StartTime: 9/9/2025 8:38:21 AM, Responding: True
ID: 3800, Name: WMIRegistrationService, Memory: 11 MB, StartTime: 9/9/2025 8:38:21 AM, Responding: True
ID: 3828, Name: WorkerService1, Memory: 28 MB, StartTime: 9/9/2025 8:38:21 AM, Responding: True
ID: 13848, Name: WpfApp1, Memory: 134 MB, StartTime: 9/9/2025 8:38:21 AM, Responding: True
ID: 3836, Name: wslservice, Memory: 18 MB, StartTime: 9/9/2025 8:38:21 AM, Responding: True
ID: 3812, Name: XtuService, Memory: 42 MB, StartTime: 9/9/2025 8:38:21 AM, Responding: True