ID: 6200, Name: AggregatorHost, Memory: 6 MB, StartTime: 9/10/2025 9:28:01 AM, Responding: True
ID: 1132, Name: ApplicationFrameHost, Memory: 26 MB, StartTime: 9/10/2025 9:28:01 AM, Responding: True
ID: 9500, Name: chrome, Memory: 234 MB, StartTime: 9/10/2025 9:28:01 AM, Responding: True
ID: 11836, Name: chrome, Memory: 9 MB, StartTime: 9/10/2025 9:28:01 AM, Responding: True
ID: 3100, Name: chrome, Memory: 279 MB, StartTime: 9/10/2025 9:28:01 AM, Responding: True
ID: 12096, Name: chrome, Memory: 64 MB, StartTime: 9/10/2025 9:28:01 AM, Responding: True
ID: 6988, Name: chrome, Memory: 29 MB, StartTime: 9/10/2025 9:28:01 AM, Responding: True
ID: 10248, Name: chrome, Memory: 424 MB, StartTime: 9/10/2025 9:28:01 AM, Responding: True
ID: 8792, Name: chrome, Memory: 44 MB, StartTime: 9/10/2025 9:28:01 AM, Responding: True
ID: 9888, Name: chrome, Memory: 50 MB, StartTime: 9/10/2025 9:28:01 AM, Responding: True
ID: 2208, Name: chrome, Memory: 112 MB, StartTime: 9/10/2025 9:28:01 AM, Responding: True
ID: 10344, Name: chrome, Memory: 23 MB, StartTime: 9/10/2025 9:28:01 AM, Responding: True
ID: 2324, Name: chrome, Memory: 73 MB, StartTime: 9/10/2025 9:28:01 AM, Responding: True
ID: 8528, Name: chrome, Memory: 167 MB, StartTime: 9/10/2025 9:28:01 AM, Responding: True
ID: 9540, Name: chrome, Memory: 48 MB, StartTime: 9/10/2025 9:28:01 AM, Responding: True
ID: 6400, Name: chrome, Memory: 75 MB, StartTime: 9/10/2025 9:28:01 AM, Responding: True
ID: 6896, Name: chrome, Memory: 51 MB, StartTime: 9/10/2025 9:28:01 AM, Responding: True
ID: 12308, Name: chrome, Memory: 201 MB, StartTime: 9/10/2025 9:28:01 AM, Responding: True
ID: 968, Name: chrome, Memory: 31 MB, StartTime: 9/10/2025 9:28:01 AM, Responding: True
ID: 13172, Name: CompPkgSrv, Memory: 8 MB, StartTime: 9/10/2025 9:28:01 AM, Responding: True
ID: 4080, Name: conhost, Memory: 5 MB, StartTime: 9/10/2025 9:28:01 AM, Responding: True
ID: 9952, Name: conhost, Memory: 5 MB, StartTime: 9/10/2025 9:28:01 AM, Responding: True
ID: 8828, Name: conhost, Memory: 5 MB, StartTime: 9/10/2025 9:28:01 AM, Responding: True
ID: 9548, Name: conhost, Memory: 5 MB, StartTime: 9/10/2025 9:28:01 AM, Responding: True
ID: 8420, Name: conhost, Memory: 5 MB, StartTime: 9/10/2025 9:28:01 AM, Responding: True
ID: 10508, Name: conhost, Memory: 7 MB, StartTime: 9/10/2025 9:28:01 AM, Responding: True
ID: 2028, Name: conhost, Memory: 5 MB, StartTime: 9/10/2025 9:28:01 AM, Responding: True
ID: 13168, Name: conhost, Memory: 10 MB, StartTime: 9/10/2025 9:28:01 AM, Responding: True
ID: 9784, Name: conhost, Memory: 10 MB, StartTime: 9/10/2025 9:28:01 AM, Responding: True
ID: 12452, Name: conhost, Memory: 10 MB, StartTime: 9/10/2025 9:28:01 AM, Responding: True
ID: 588, Name: csrss, Memory: 4 MB, StartTime: 9/10/2025 9:28:00 AM, Responding: True
ID: 684, Name: csrss, Memory: 5 MB, StartTime: 9/10/2025 9:28:00 AM, Responding: True
ID: 7060, Name: ctfmon, Memory: 19 MB, StartTime: 9/10/2025 9:28:01 AM, Responding: True
ID: 3224, Name: CxAudioSvc, Memory: 19 MB, StartTime: 9/10/2025 9:28:00 AM, Responding: True
ID: 3248, Name: CxUtilSvc, Memory: 7 MB, StartTime: 9/10/2025 9:28:01 AM, Responding: True
ID: 6012, Name: dllhost, Memory: 10 MB, StartTime: 9/10/2025 9:28:01 AM, Responding: True
ID: 11472, Name: dotnet, Memory: 69 MB, StartTime: 9/10/2025 9:28:01 AM, Responding: True
ID: 8700, Name: dotnet, Memory: 244 MB, StartTime: 9/10/2025 9:28:01 AM, Responding: True
ID: 7828, Name: dotnet, Memory: 157 MB, StartTime: 9/10/2025 9:28:01 AM, Responding: True
ID: 1500, Name: dotnet, Memory: 123 MB, StartTime: 9/10/2025 9:28:01 AM, Responding: True
ID: 2944, Name: dotnet, Memory: 84 MB, StartTime: 9/10/2025 9:28:01 AM, Responding: True
ID: 1100, Name: dwm, Memory: 78 MB, StartTime: 9/10/2025 9:28:00 AM, Responding: True
ID: 4424, Name: epmd, Memory: 2 MB, StartTime: 9/10/2025 9:28:01 AM, Responding: True
ID: 4008, Name: erl, Memory: 67 MB, StartTime: 9/10/2025 9:28:01 AM, Responding: True
ID: 3508, Name: erlsrv, Memory: 3 MB, StartTime: 9/10/2025 9:28:01 AM, Responding: True
ID: 4588, Name: explorer, Memory: 150 MB, StartTime: 9/10/2025 9:28:01 AM, Responding: True
ID: 7220, Name: FileCoAuth, Memory: 24 MB, StartTime: 9/10/2025 9:28:01 AM, Responding: True
ID: 8100, Name: Flow, Memory: 84 MB, StartTime: 9/10/2025 9:28:01 AM, Responding: True
ID: 988, Name: fontdrvhost, Memory: 3 MB, StartTime: 9/10/2025 9:28:00 AM, Responding: True
ID: 996, Name: fontdrvhost, Memory: 5 MB, StartTime: 9/10/2025 9:28:00 AM, Responding: True
ID: 7912, Name: fsnotifier, Memory: 2 MB, StartTime: 9/10/2025 9:28:01 AM, Responding: True
ID: 0, Name: Idle, Memory: 0 MB, StartTime: 9/10/2025 9:28:00 AM, Responding: True
ID: 1968, Name: igfxCUIService, Memory: 8 MB, StartTime: 9/10/2025 9:28:00 AM, Responding: True
ID: 6616, Name: igfxEM, Memory: 12 MB, StartTime: 9/10/2025 9:28:01 AM, Responding: True
ID: 6444, Name: inet_gethost, Memory: 4 MB, StartTime: 9/10/2025 9:28:01 AM, Responding: True
ID: 1248, Name: IntelCpHDCPSvc, Memory: 6 MB, StartTime: 9/10/2025 9:28:00 AM, Responding: True
ID: 1540, Name: IntelCpHeciSvc, Memory: 6 MB, StartTime: 9/10/2025 9:28:00 AM, Responding: True
ID: 9892, Name: JetBrains.Dpa.Collector, Memory: 6 MB, StartTime: 9/10/2025 9:28:01 AM, Responding: True
ID: 6324, Name: JetBrains.DPA.Runner, Memory: 36 MB, StartTime: 9/10/2025 9:28:01 AM, Responding: True
ID: 3388, Name: JetBrains.Etw.Collector.Host, Memory: 7 MB, StartTime: 9/10/2025 9:28:01 AM, Responding: True
ID: 3468, Name: jhi_service, Memory: 5 MB, StartTime: 9/10/2025 9:28:01 AM, Responding: True
ID: 10352, Name: jucheck, Memory: 15 MB, StartTime: 9/10/2025 9:28:01 AM, Responding: True
ID: 9760, Name: jusched, Memory: 16 MB, StartTime: 9/10/2025 9:28:01 AM, Responding: True
ID: 840, Name: LsaIso, Memory: 3 MB, StartTime: 9/10/2025 9:28:00 AM, Responding: True
ID: 848, Name: lsass, Memory: 20 MB, StartTime: 9/10/2025 9:28:00 AM, Responding: True
ID: 1880, Name: Memory Compression, Memory: 188 MB, StartTime: 9/10/2025 9:28:00 AM, Responding: True
ID: 6840, Name: MicTray64, Memory: 2 MB, StartTime: 9/10/2025 9:28:01 AM, Responding: True
ID: 3520, Name: MpDefenderCoreService, Memory: 17 MB, StartTime: 9/10/2025 9:28:01 AM, Responding: True
ID: 11864, Name: msedge, Memory: 95 MB, StartTime: 9/10/2025 9:28:01 AM, Responding: True
ID: 11896, Name: msedge, Memory: 7 MB, StartTime: 9/10/2025 9:28:01 AM, Responding: True
ID: 12080, Name: msedge, Memory: 33 MB, StartTime: 9/10/2025 9:28:01 AM, Responding: True
ID: 12088, Name: msedge, Memory: 29 MB, StartTime: 9/10/2025 9:28:01 AM, Responding: True
ID: 12152, Name: msedge, Memory: 16 MB, StartTime: 9/10/2025 9:28:01 AM, Responding: True
ID: 3628, Name: MsMpEng, Memory: 300 MB, StartTime: 9/10/2025 9:28:01 AM, Responding: True
ID: 6076, Name: NisSrv, Memory: 9 MB, StartTime: 9/10/2025 9:28:01 AM, Responding: True
ID: 3284, Name: OneApp.IGCC.WinService, Memory: 38 MB, StartTime: 9/10/2025 9:28:01 AM, Responding: True
ID: 3268, Name: OneDrive, Memory: 114 MB, StartTime: 9/10/2025 9:28:01 AM, Responding: True
ID: 3428, Name: OpenConsole, Memory: 8 MB, StartTime: 9/10/2025 9:28:01 AM, Responding: True
ID: 2636, Name: PhoneExperienceHost, Memory: 132 MB, StartTime: 9/10/2025 9:28:01 AM, Responding: True
ID: 4368, Name: powershell, Memory: 52 MB, StartTime: 9/10/2025 9:28:01 AM, Responding: True
ID: 108, Name: Registry, Memory: 90 MB, StartTime: 9/10/2025 9:28:00 AM, Responding: True
ID: 9984, Name: Rider.Backend, Memory: 1090 MB, StartTime: 9/10/2025 9:28:01 AM, Responding: True
ID: 10892, Name: rider64, Memory: 1817 MB, StartTime: 9/10/2025 9:28:01 AM, Responding: True
ID: 7720, Name: RuntimeBroker, Memory: 27 MB, StartTime: 9/10/2025 9:28:01 AM, Responding: True
ID: 8148, Name: RuntimeBroker, Memory: 33 MB, StartTime: 9/10/2025 9:28:01 AM, Responding: True
ID: 7256, Name: RuntimeBroker, Memory: 16 MB, StartTime: 9/10/2025 9:28:01 AM, Responding: True
ID: 5884, Name: RuntimeBroker, Memory: 18 MB, StartTime: 9/10/2025 9:28:01 AM, Responding: True
ID: 9880, Name: RuntimeBroker, Memory: 30 MB, StartTime: 9/10/2025 9:28:01 AM, Responding: True
ID: 7948, Name: SearchApp, Memory: 96 MB, StartTime: 9/10/2025 9:28:01 AM, Responding: True
ID: 5804, Name: SearchIndexer, Memory: 39 MB, StartTime: 9/10/2025 9:28:01 AM, Responding: True
ID: 56, Name: Secure System, Memory: 29 MB, StartTime: 9/10/2025 9:28:00 AM, Responding: True
ID: 9536, Name: SecurityHealthService, Memory: 14 MB, StartTime: 9/10/2025 9:28:01 AM, Responding: True
ID: 4660, Name: SecurityHealthSystray, Memory: 8 MB, StartTime: 9/10/2025 9:28:01 AM, Responding: True
ID: 796, Name: services, Memory: 11 MB, StartTime: 9/10/2025 9:28:00 AM, Responding: True
ID: 8328, Name: ShellExperienceHost, Memory: 59 MB, StartTime: 9/10/2025 9:28:01 AM, Responding: True
ID: 6508, Name: sihost, Memory: 29 MB, StartTime: 9/10/2025 9:28:01 AM, Responding: True
ID: 6700, Name: SmartAudio3, Memory: 46 MB, StartTime: 9/10/2025 9:28:01 AM, Responding: True
ID: 396, Name: smss, Memory: 0 MB, StartTime: 9/10/2025 9:28:00 AM, Responding: True
ID: 2864, Name: spoolsv, Memory: 12 MB, StartTime: 9/10/2025 9:28:00 AM, Responding: True
ID: 3804, Name: sqlceip, Memory: 51 MB, StartTime: 9/10/2025 9:28:01 AM, Responding: True
ID: 3772, Name: sqlservr, Memory: 181 MB, StartTime: 9/10/2025 9:28:01 AM, Responding: True
ID: 3544, Name: sqlwriter, Memory: 7 MB, StartTime: 9/10/2025 9:28:01 AM, Responding: True
ID: 7552, Name: StartMenuExperienceHost, Memory: 68 MB, StartTime: 9/10/2025 9:28:01 AM, Responding: True
ID: 960, Name: svchost, Memory: 26 MB, StartTime: 9/10/2025 9:28:00 AM, Responding: True
ID: 612, Name: svchost, Memory: 15 MB, StartTime: 9/10/2025 9:28:00 AM, Responding: True
ID: 824, Name: svchost, Memory: 9 MB, StartTime: 9/10/2025 9:28:00 AM, Responding: True
ID: 1064, Name: svchost, Memory: 5 MB, StartTime: 9/10/2025 9:28:00 AM, Responding: True
ID: 1160, Name: svchost, Memory: 9 MB, StartTime: 9/10/2025 9:28:00 AM, Responding: True
ID: 1232, Name: svchost, Memory: 6 MB, StartTime: 9/10/2025 9:28:00 AM, Responding: True
ID: 1376, Name: svchost, Memory: 13 MB, StartTime: 9/10/2025 9:28:00 AM, Responding: True
ID: 1392, Name: svchost, Memory: 11 MB, StartTime: 9/10/2025 9:28:00 AM, Responding: True
ID: 1404, Name: svchost, Memory: 14 MB, StartTime: 9/10/2025 9:28:00 AM, Responding: True
ID: 1440, Name: svchost, Memory: 16 MB, StartTime: 9/10/2025 9:28:00 AM, Responding: True
ID: 1580, Name: svchost, Memory: 10 MB, StartTime: 9/10/2025 9:28:00 AM, Responding: True
ID: 1696, Name: svchost, Memory: 8 MB, StartTime: 9/10/2025 9:28:00 AM, Responding: True
ID: 1724, Name: svchost, Memory: 13 MB, StartTime: 9/10/2025 9:28:00 AM, Responding: True
ID: 1732, Name: svchost, Memory: 5 MB, StartTime: 9/10/2025 9:28:00 AM, Responding: True
ID: 1752, Name: svchost, Memory: 6 MB, StartTime: 9/10/2025 9:28:00 AM, Responding: True
ID: 1804, Name: svchost, Memory: 6 MB, StartTime: 9/10/2025 9:28:00 AM, Responding: True
ID: 1856, Name: svchost, Memory: 7 MB, StartTime: 9/10/2025 9:28:00 AM, Responding: True
ID: 1940, Name: svchost, Memory: 10 MB, StartTime: 9/10/2025 9:28:00 AM, Responding: True
ID: 1996, Name: svchost, Memory: 5 MB, StartTime: 9/10/2025 9:28:00 AM, Responding: True
ID: 2020, Name: svchost, Memory: 10 MB, StartTime: 9/10/2025 9:28:00 AM, Responding: True
ID: 1364, Name: svchost, Memory: 7 MB, StartTime: 9/10/2025 9:28:00 AM, Responding: True
ID: 1344, Name: svchost, Memory: 9 MB, StartTime: 9/10/2025 9:28:00 AM, Responding: True
ID: 2100, Name: svchost, Memory: 9 MB, StartTime: 9/10/2025 9:28:00 AM, Responding: True
ID: 2260, Name: svchost, Memory: 12 MB, StartTime: 9/10/2025 9:28:00 AM, Responding: True
ID: 2300, Name: svchost, Memory: 6 MB, StartTime: 9/10/2025 9:28:00 AM, Responding: True
ID: 2388, Name: svchost, Memory: 7 MB, StartTime: 9/10/2025 9:28:00 AM, Responding: True
ID: 2396, Name: svchost, Memory: 9 MB, StartTime: 9/10/2025 9:28:00 AM, Responding: True
ID: 2404, Name: svchost, Memory: 6 MB, StartTime: 9/10/2025 9:28:00 AM, Responding: True
ID: 2600, Name: svchost, Memory: 16 MB, StartTime: 9/10/2025 9:28:00 AM, Responding: True
ID: 2624, Name: svchost, Memory: 7 MB, StartTime: 9/10/2025 9:28:00 AM, Responding: True
ID: 2708, Name: svchost, Memory: 16 MB, StartTime: 9/10/2025 9:28:00 AM, Responding: True
ID: 2792, Name: svchost, Memory: 11 MB, StartTime: 9/10/2025 9:28:00 AM, Responding: True
ID: 2904, Name: svchost, Memory: 15 MB, StartTime: 9/10/2025 9:28:00 AM, Responding: True
ID: 2936, Name: svchost, Memory: 7 MB, StartTime: 9/10/2025 9:28:00 AM, Responding: True
ID: 2980, Name: svchost, Memory: 9 MB, StartTime: 9/10/2025 9:28:00 AM, Responding: True
ID: 2956, Name: svchost, Memory: 6 MB, StartTime: 9/10/2025 9:28:00 AM, Responding: True
ID: 3132, Name: svchost, Memory: 6 MB, StartTime: 9/10/2025 9:28:00 AM, Responding: True
ID: 3184, Name: svchost, Memory: 5 MB, StartTime: 9/10/2025 9:28:00 AM, Responding: True
ID: 3196, Name: svchost, Memory: 12 MB, StartTime: 9/10/2025 9:28:00 AM, Responding: True
ID: 3212, Name: svchost, Memory: 39 MB, StartTime: 9/10/2025 9:28:00 AM, Responding: True
ID: 3240, Name: svchost, Memory: 23 MB, StartTime: 9/10/2025 9:28:01 AM, Responding: True
ID: 3336, Name: svchost, Memory: 17 MB, StartTime: 9/10/2025 9:28:01 AM, Responding: True
ID: 3480, Name: svchost, Memory: 6 MB, StartTime: 9/10/2025 9:28:01 AM, Responding: True
ID: 3536, Name: svchost, Memory: 5 MB, StartTime: 9/10/2025 9:28:01 AM, Responding: True
ID: 3552, Name: svchost, Memory: 20 MB, StartTime: 9/10/2025 9:28:01 AM, Responding: True
ID: 3612, Name: svchost, Memory: 8 MB, StartTime: 9/10/2025 9:28:01 AM, Responding: True
ID: 3656, Name: svchost, Memory: 5 MB, StartTime: 9/10/2025 9:28:01 AM, Responding: True
ID: 3728, Name: svchost, Memory: 6 MB, StartTime: 9/10/2025 9:28:01 AM, Responding: True
ID: 3856, Name: svchost, Memory: 9 MB, StartTime: 9/10/2025 9:28:01 AM, Responding: True
ID: 4280, Name: svchost, Memory: 5 MB, StartTime: 9/10/2025 9:28:01 AM, Responding: True
ID: 4648, Name: svchost, Memory: 12 MB, StartTime: 9/10/2025 9:28:01 AM, Responding: True
ID: 4856, Name: svchost, Memory: 7 MB, StartTime: 9/10/2025 9:28:01 AM, Responding: True
ID: 5304, Name: svchost, Memory: 7 MB, StartTime: 9/10/2025 9:28:01 AM, Responding: True
ID: 5384, Name: svchost, Memory: 9 MB, StartTime: 9/10/2025 9:28:01 AM, Responding: True
ID: 5604, Name: svchost, Memory: 5 MB, StartTime: 9/10/2025 9:28:01 AM, Responding: True
ID: 3404, Name: svchost, Memory: 11 MB, StartTime: 9/10/2025 9:28:01 AM, Responding: True
ID: 6100, Name: svchost, Memory: 15 MB, StartTime: 9/10/2025 9:28:01 AM, Responding: True
ID: 6544, Name: svchost, Memory: 28 MB, StartTime: 9/10/2025 9:28:01 AM, Responding: True
ID: 6608, Name: svchost, Memory: 38 MB, StartTime: 9/10/2025 9:28:01 AM, Responding: True
ID: 6864, Name: svchost, Memory: 19 MB, StartTime: 9/10/2025 9:28:01 AM, Responding: True
ID: 6976, Name: svchost, Memory: 7 MB, StartTime: 9/10/2025 9:28:01 AM, Responding: True
ID: 6892, Name: svchost, Memory: 16 MB, StartTime: 9/10/2025 9:28:01 AM, Responding: True
ID: 7208, Name: svchost, Memory: 22 MB, StartTime: 9/10/2025 9:28:01 AM, Responding: True
ID: 7600, Name: svchost, Memory: 22 MB, StartTime: 9/10/2025 9:28:01 AM, Responding: True
ID: 6468, Name: svchost, Memory: 10 MB, StartTime: 9/10/2025 9:28:01 AM, Responding: True
ID: 9316, Name: svchost, Memory: 8 MB, StartTime: 9/10/2025 9:28:01 AM, Responding: True
ID: 9556, Name: svchost, Memory: 7 MB, StartTime: 9/10/2025 9:28:01 AM, Responding: True
ID: 10636, Name: svchost, Memory: 6 MB, StartTime: 9/10/2025 9:28:01 AM, Responding: True
ID: 10900, Name: svchost, Memory: 8 MB, StartTime: 9/10/2025 9:28:01 AM, Responding: True
ID: 5552, Name: svchost, Memory: 19 MB, StartTime: 9/10/2025 9:28:01 AM, Responding: True
ID: 3788, Name: svchost, Memory: 21 MB, StartTime: 9/10/2025 9:28:01 AM, Responding: True
ID: 8788, Name: svchost, Memory: 19 MB, StartTime: 9/10/2025 9:28:01 AM, Responding: True
ID: 10580, Name: svchost, Memory: 5 MB, StartTime: 9/10/2025 9:28:01 AM, Responding: True
ID: 11312, Name: svchost, Memory: 11 MB, StartTime: 9/10/2025 9:28:01 AM, Responding: True
ID: 4076, Name: svchost, Memory: 10 MB, StartTime: 9/10/2025 9:28:01 AM, Responding: True
ID: 4584, Name: svchost, Memory: 13 MB, StartTime: 9/10/2025 9:28:01 AM, Responding: True
ID: 12880, Name: svchost, Memory: 7 MB, StartTime: 9/10/2025 9:28:01 AM, Responding: True
ID: 12852, Name: svchost, Memory: 7 MB, StartTime: 9/10/2025 9:28:01 AM, Responding: True
ID: 6216, Name: svchost, Memory: 8 MB, StartTime: 9/10/2025 9:28:01 AM, Responding: True
ID: 4, Name: System, Memory: 0 MB, StartTime: 9/10/2025 9:28:00 AM, Responding: True
ID: 6352, Name: SystemSettings, Memory: 1 MB, StartTime: 9/10/2025 9:28:01 AM, Responding: False
ID: 6724, Name: taskhostw, Memory: 15 MB, StartTime: 9/10/2025 9:28:01 AM, Responding: True
ID: 1772, Name: TextInputHost, Memory: 43 MB, StartTime: 9/10/2025 9:28:01 AM, Responding: True
ID: 8612, Name: UserOOBEBroker, Memory: 9 MB, StartTime: 9/10/2025 9:28:01 AM, Responding: True
ID: 8200, Name: WhatsApp, Memory: 14 MB, StartTime: 9/10/2025 9:28:01 AM, Responding: True
ID: 6256, Name: win32sysinfo, Memory: 2 MB, StartTime: 9/10/2025 9:28:01 AM, Responding: True
ID: 676, Name: wininit, Memory: 6 MB, StartTime: 9/10/2025 9:28:00 AM, Responding: True
ID: 776, Name: winlogon, Memory: 9 MB, StartTime: 9/10/2025 9:28:00 AM, Responding: True
ID: 6080, Name: WmiPrvSE, Memory: 13 MB, StartTime: 9/10/2025 9:28:01 AM, Responding: True
ID: 5976, Name: WmiPrvSE, Memory: 9 MB, StartTime: 9/10/2025 9:28:01 AM, Responding: True
ID: 3648, Name: WMIRegistrationService, Memory: 12 MB, StartTime: 9/10/2025 9:28:01 AM, Responding: True
ID: 3640, Name: WorkerService1, Memory: 30 MB, StartTime: 9/10/2025 9:28:01 AM, Responding: True
ID: 6900, Name: WpfApp1, Memory: 142 MB, StartTime: 9/10/2025 9:28:01 AM, Responding: True
ID: 3664, Name: wslservice, Memory: 18 MB, StartTime: 9/10/2025 9:28:01 AM, Responding: True
ID: 3604, Name: XtuService, Memory: 35 MB, StartTime: 9/10/2025 9:28:01 AM, Responding: True